<?xml version="1.0" encoding="UTF-8"?>
<testng-results skipped="0" failed="2" total="2" passed="0">
  <reporter-output>
  </reporter-output>
  <suite name="Command line suite" duration-ms="324031" started-at="2020-06-15T07:04:42Z" finished-at="2020-06-15T07:10:06Z">
    <groups>
    </groups>
    <test name="Command line test" duration-ms="324031" started-at="2020-06-15T07:04:42Z" finished-at="2020-06-15T07:10:06Z">
      <class name="org.xframium.driver.XMLTestDriver">
        <test-method status="PASS" signature="beforeMethod(java.lang.reflect.Method, [Ljava.lang.Object;, org.testng.ITestContext)[pri:0, instance:org.xframium.driver.XMLTestDriver@28d79cba]" name="beforeMethod" is-config="true" duration-ms="16228" started-at="2020-06-15T03:04:42Z" finished-at="2020-06-15T03:04:58Z">
          <params>
            <param index="0">
              <value>
                <![CDATA[public void org.xframium.driver.XMLTestDriver.testDriver(org.xframium.device.ng.TestContainer) throws java.lang.Throwable]]>
              </value>
            </param>
            <param index="1">
              <value>
                <![CDATA[[Ljava.lang.Object;@78428995]]>
              </value>
            </param>
            <param index="2">
              <value>
                <![CDATA[org.testng.TestRunner@1898177d]]>
              </value>
            </param>
          </params>
          <reporter-output>
          </reporter-output>
        </test-method> <!-- beforeMethod -->
        <test-method status="FAIL" signature="testDriver(org.xframium.device.ng.TestContainer)[pri:0, instance:org.xframium.driver.XMLTestDriver@28d79cba]" name="testDriver" duration-ms="69452" started-at="2020-06-15T03:04:58Z" data-provider="deviceManager" finished-at="2020-06-15T03:06:08Z">
          <params>
            <param index="0">
              <value>
                <![CDATA[org.xframium.device.ng.TestContainer@1106cbe7]]>
              </value>
            </param>
          </params>
          <exception class="org.xframium.exception.ScriptConfigurationException">
            <message>
              <![CDATA[Could not locate By.cssSelector: input[id$='UserName']]]>
            </message>
            <full-stacktrace>
              <![CDATA[Could not locate By.cssSelector: input[id$='UserName']
	at org.xframium.page.keyWord.step.AbstractKeyWordStep.executeStep(AbstractKeyWordStep.java:1325)
	at org.xframium.page.keyWord.KeyWordTest.executeTest(KeyWordTest.java:529)
	at org.xframium.page.keyWord.KeyWordDriver.executionFunction(KeyWordDriver.java:495)
	at org.xframium.page.keyWord.step.spi.KWSCall2._executeStep(KWSCall2.java:148)
	at org.xframium.page.keyWord.step.AbstractKeyWordStep.executeStep(AbstractKeyWordStep.java:1216)
	at org.xframium.page.keyWord.KeyWordTest.executeTest(KeyWordTest.java:529)
	at org.xframium.page.keyWord.KeyWordDriver.executionFunction(KeyWordDriver.java:495)
	at org.xframium.page.keyWord.step.spi.KWSCall2._executeStep(KWSCall2.java:148)
	at org.xframium.page.keyWord.step.AbstractKeyWordStep.executeStep(AbstractKeyWordStep.java:1216)
	at org.xframium.page.keyWord.KeyWordTest.executeTest(KeyWordTest.java:529)
	at org.xframium.page.keyWord.KeyWordDriver.executeTest(KeyWordDriver.java:777)
	at org.xframium.driver.XMLTestDriver.testDriver(XMLTestDriver.java:288)
	at sun.reflect.NativeMethodAccessorImpl.invoke0(Native Method)
	at sun.reflect.NativeMethodAccessorImpl.invoke(Unknown Source)
	at sun.reflect.DelegatingMethodAccessorImpl.invoke(Unknown Source)
	at java.lang.reflect.Method.invoke(Unknown Source)
	at org.testng.internal.MethodInvocationHelper.invokeMethod(MethodInvocationHelper.java:86)
	at org.testng.internal.Invoker.invokeMethod(Invoker.java:643)
	at org.testng.internal.Invoker.invokeTestMethod(Invoker.java:820)
	at org.testng.internal.TestMethodWithDataProviderMethodWorker.call(TestMethodWithDataProviderMethodWorker.java:75)
	at org.testng.internal.TestMethodWithDataProviderMethodWorker.call(TestMethodWithDataProviderMethodWorker.java:14)
	at java.util.concurrent.FutureTask.run(Unknown Source)
	at java.util.concurrent.Executors$RunnableAdapter.call(Unknown Source)
	at java.util.concurrent.FutureTask.run(Unknown Source)
	at java.util.concurrent.ThreadPoolExecutor.runWorker(Unknown Source)
	at java.util.concurrent.ThreadPoolExecutor$Worker.run(Unknown Source)
	at java.lang.Thread.run(Unknown Source)
]]>
            </full-stacktrace>
          </exception> <!-- org.xframium.exception.ScriptConfigurationException -->
          <reporter-output>
          </reporter-output>
        </test-method> <!-- testDriver -->
        <test-method status="PASS" signature="afterMethod(java.lang.reflect.Method, [Ljava.lang.Object;, org.testng.ITestResult, org.testng.ITestContext)[pri:0, instance:org.xframium.driver.XMLTestDriver@28d79cba]" name="afterMethod" is-config="true" duration-ms="4289" started-at="2020-06-15T03:06:08Z" finished-at="2020-06-15T03:06:12Z">
          <params>
            <param index="0">
              <value>
                <![CDATA[public void org.xframium.driver.XMLTestDriver.testDriver(org.xframium.device.ng.TestContainer) throws java.lang.Throwable]]>
              </value>
            </param>
            <param index="1">
              <value>
                <![CDATA[[Ljava.lang.Object;@78428995]]>
              </value>
            </param>
            <param index="2">
              <value>
                <![CDATA[[TestResult name=testDriver status=FAILURE method=XMLTestDriver.testDriver(org.xframium.device.ng.TestContainer)[pri:0, instance:org.xframium.driver.XMLTestDriver@28d79cba] output={null}]]]>
              </value>
            </param>
            <param index="3">
              <value>
                <![CDATA[org.testng.TestRunner@1898177d]]>
              </value>
            </param>
          </params>
          <reporter-output>
          </reporter-output>
        </test-method> <!-- afterMethod -->
        <test-method status="PASS" signature="beforeMethod(java.lang.reflect.Method, [Ljava.lang.Object;, org.testng.ITestContext)[pri:0, instance:org.xframium.driver.XMLTestDriver@28d79cba]" name="beforeMethod" is-config="true" duration-ms="12537" started-at="2020-06-15T03:06:12Z" finished-at="2020-06-15T03:06:25Z">
          <params>
            <param index="0">
              <value>
                <![CDATA[public void org.xframium.driver.XMLTestDriver.testDriver(org.xframium.device.ng.TestContainer) throws java.lang.Throwable]]>
              </value>
            </param>
            <param index="1">
              <value>
                <![CDATA[[Ljava.lang.Object;@28523d9d]]>
              </value>
            </param>
            <param index="2">
              <value>
                <![CDATA[org.testng.TestRunner@1898177d]]>
              </value>
            </param>
          </params>
          <reporter-output>
          </reporter-output>
        </test-method> <!-- beforeMethod -->
        <test-method status="FAIL" signature="testDriver(org.xframium.device.ng.TestContainer)[pri:0, instance:org.xframium.driver.XMLTestDriver@28d79cba]" name="testDriver" duration-ms="219852" started-at="2020-06-15T03:06:25Z" data-provider="deviceManager" finished-at="2020-06-15T03:10:05Z">
          <params>
            <param index="0">
              <value>
                <![CDATA[org.xframium.device.ng.TestContainer@1106cbe7]]>
              </value>
            </param>
          </params>
          <exception class="org.xframium.exception.ScriptConfigurationException">
            <message>
              <![CDATA[//*[contains(text(),'Online_06123')] returned multiple values while 1 was expected]]>
            </message>
            <full-stacktrace>
              <![CDATA[//*[contains(text(),'Online_06123')] returned multiple values while 1 was expected
	at org.xframium.page.keyWord.step.AbstractKeyWordStep.executeStep(AbstractKeyWordStep.java:1325)
	at org.xframium.page.keyWord.KeyWordTest.executeTest(KeyWordTest.java:529)
	at org.xframium.page.keyWord.KeyWordDriver.executionFunction(KeyWordDriver.java:495)
	at org.xframium.page.keyWord.step.spi.KWSCall2._executeStep(KWSCall2.java:148)
	at org.xframium.page.keyWord.step.AbstractKeyWordStep.executeStep(AbstractKeyWordStep.java:1216)
	at org.xframium.page.keyWord.KeyWordTest.executeTest(KeyWordTest.java:529)
	at org.xframium.page.keyWord.KeyWordDriver.executionFunction(KeyWordDriver.java:495)
	at org.xframium.page.keyWord.step.spi.KWSCall2._executeStep(KWSCall2.java:148)
	at org.xframium.page.keyWord.step.AbstractKeyWordStep.executeStep(AbstractKeyWordStep.java:1216)
	at org.xframium.page.keyWord.KeyWordTest.executeTest(KeyWordTest.java:529)
	at org.xframium.page.keyWord.KeyWordDriver.executeTest(KeyWordDriver.java:777)
	at org.xframium.driver.XMLTestDriver.testDriver(XMLTestDriver.java:288)
	at sun.reflect.NativeMethodAccessorImpl.invoke0(Native Method)
	at sun.reflect.NativeMethodAccessorImpl.invoke(Unknown Source)
	at sun.reflect.DelegatingMethodAccessorImpl.invoke(Unknown Source)
	at java.lang.reflect.Method.invoke(Unknown Source)
	at org.testng.internal.MethodInvocationHelper.invokeMethod(MethodInvocationHelper.java:86)
	at org.testng.internal.Invoker.invokeMethod(Invoker.java:643)
	at org.testng.internal.Invoker.invokeTestMethod(Invoker.java:820)
	at org.testng.internal.TestMethodWithDataProviderMethodWorker.call(TestMethodWithDataProviderMethodWorker.java:75)
	at org.testng.internal.TestMethodWithDataProviderMethodWorker.call(TestMethodWithDataProviderMethodWorker.java:14)
	at java.util.concurrent.FutureTask.run(Unknown Source)
	at java.util.concurrent.Executors$RunnableAdapter.call(Unknown Source)
	at java.util.concurrent.FutureTask.run(Unknown Source)
	at java.util.concurrent.ThreadPoolExecutor.runWorker(Unknown Source)
	at java.util.concurrent.ThreadPoolExecutor$Worker.run(Unknown Source)
	at java.lang.Thread.run(Unknown Source)
]]>
            </full-stacktrace>
          </exception> <!-- org.xframium.exception.ScriptConfigurationException -->
          <reporter-output>
          </reporter-output>
        </test-method> <!-- testDriver -->
        <test-method status="PASS" signature="afterMethod(java.lang.reflect.Method, [Ljava.lang.Object;, org.testng.ITestResult, org.testng.ITestContext)[pri:0, instance:org.xframium.driver.XMLTestDriver@28d79cba]" name="afterMethod" is-config="true" duration-ms="1659" started-at="2020-06-15T03:10:05Z" finished-at="2020-06-15T03:10:06Z">
          <params>
            <param index="0">
              <value>
                <![CDATA[public void org.xframium.driver.XMLTestDriver.testDriver(org.xframium.device.ng.TestContainer) throws java.lang.Throwable]]>
              </value>
            </param>
            <param index="1">
              <value>
                <![CDATA[[Ljava.lang.Object;@28523d9d]]>
              </value>
            </param>
            <param index="2">
              <value>
                <![CDATA[[TestResult name=testDriver status=FAILURE method=XMLTestDriver.testDriver(org.xframium.device.ng.TestContainer)[pri:0, instance:org.xframium.driver.XMLTestDriver@28d79cba] output={null}]]]>
              </value>
            </param>
            <param index="3">
              <value>
                <![CDATA[org.testng.TestRunner@1898177d]]>
              </value>
            </param>
          </params>
          <reporter-output>
          </reporter-output>
        </test-method> <!-- afterMethod -->
        <test-method status="PASS" signature="afterSuite(org.testng.ITestContext)[pri:0, instance:org.xframium.driver.XMLTestDriver@28d79cba]" name="afterSuite" is-config="true" duration-ms="0" started-at="2020-06-15T03:10:06Z" finished-at="2020-06-15T03:10:06Z">
          <params>
            <param index="0">
              <value>
                <![CDATA[org.testng.TestRunner@1898177d]]>
              </value>
            </param>
          </params>
          <reporter-output>
          </reporter-output>
        </test-method> <!-- afterSuite -->
      </class> <!-- org.xframium.driver.XMLTestDriver -->
    </test> <!-- Command line test -->
  </suite> <!-- Command line suite -->
</testng-results>
